{"numTotalTestSuites":34,"numPassedTestSuites":34,"numFailedTestSuites":0,"numPendingTestSuites":0,"numTotalTests":91,"numPassedTests":75,"numFailedTests":16,"numPendingTests":0,"numTodoTests":0,"startTime":1759900177430,"success":false,"testResults":[{"assertionResults":[{"ancestorTitles":["","Demo Execution API","POST /api/demos/:demoId/run"],"fullName":" Demo Execution API POST /api/demos/:demoId/run should successfully start a demo execution","status":"failed","title":"should successfully start a demo execution","duration":90,"failureMessages":["expected 500 to be 202 // Object.is equality"],"location":{"line":125,"column":31}},{"ancestorTitles":["","Demo Execution API","POST /api/demos/:demoId/run"],"fullName":" Demo Execution API POST /api/demos/:demoId/run should return 401 for missing authentication","status":"failed","title":"should return 401 for missing authentication","duration":31,"failureMessages":["expected 'Internal Server Error' to be 'Demo Execution Failed' // Object.is equality"],"location":{"line":161,"column":28}},{"ancestorTitles":["","Demo Execution API","POST /api/demos/:demoId/run"],"fullName":" Demo Execution API POST /api/demos/:demoId/run should return 429 for rate limit exceeded","status":"failed","title":"should return 429 for rate limit exceeded","duration":11,"failureMessages":["expected 500 to be 429 // Object.is equality"],"location":{"line":179,"column":31}},{"ancestorTitles":["","Demo Execution API","POST /api/demos/:demoId/run"],"fullName":" Demo Execution API POST /api/demos/:demoId/run should return 400 for invalid request data","status":"failed","title":"should return 400 for invalid request data","duration":20,"failureMessages":["expected 500 to be 400 // Object.is equality"],"location":{"line":201,"column":31}},{"ancestorTitles":["","Demo Execution API","POST /api/demos/:runId/callback"],"fullName":" Demo Execution API POST /api/demos/:runId/callback should successfully process n8n callback","status":"failed","title":"should successfully process n8n callback","duration":27,"failureMessages":["expected 500 to be 200 // Object.is equality"],"location":{"line":258,"column":31}},{"ancestorTitles":["","Demo Execution API","POST /api/demos/:runId/callback"],"fullName":" Demo Execution API POST /api/demos/:runId/callback should return 400 for run ID mismatch","status":"failed","title":"should return 400 for run ID mismatch","duration":18,"failureMessages":["expected 500 to be 400 // Object.is equality"],"location":{"line":301,"column":31}},{"ancestorTitles":["","Demo Execution API","GET /api/demos/:runId/status"],"fullName":" Demo Execution API GET /api/demos/:runId/status should return demo run status","status":"failed","title":"should return demo run status","duration":27,"failureMessages":["expected 500 to be 200 // Object.is equality"],"location":{"line":351,"column":31}},{"ancestorTitles":["","Demo Execution API","GET /api/demos/:runId/status"],"fullName":" Demo Execution API GET /api/demos/:runId/status should return 404 for non-existent demo run","status":"failed","title":"should return 404 for non-existent demo run","duration":18,"failureMessages":["expected 500 to be 404 // Object.is equality"],"location":{"line":386,"column":31}}],"startTime":1759900182903,"endTime":1759900183148,"status":"failed","message":"","name":"C:/repos/symbolic_ai_website/netlify/functions/__tests__/api.test.ts"},{"assertionResults":[{"ancestorTitles":["","Demo Execution Integration Tests (Simplified)","API Endpoint Integration"],"fullName":" Demo Execution Integration Tests (Simplified) API Endpoint Integration should handle demo execution request with proper validation","status":"failed","title":"should handle demo execution request with proper validation","duration":122,"failureMessages":["expected 500 to be 202 // Object.is equality"],"location":{"line":130,"column":31}},{"ancestorTitles":["","Demo Execution Integration Tests (Simplified)","API Endpoint Integration"],"fullName":" Demo Execution Integration Tests (Simplified) API Endpoint Integration should handle callback request with HMAC verification","status":"failed","title":"should handle callback request with HMAC verification","duration":17,"failureMessages":["expected 500 to be 200 // Object.is equality"],"location":{"line":188,"column":31}},{"ancestorTitles":["","Demo Execution Integration Tests (Simplified)","API Endpoint Integration"],"fullName":" Demo Execution Integration Tests (Simplified) API Endpoint Integration should handle status check request","status":"failed","title":"should handle status check request","duration":22,"failureMessages":["expected 500 to be 200 // Object.is equality"],"location":{"line":204,"column":31}},{"ancestorTitles":["","Demo Execution Integration Tests (Simplified)","Rate Limiting Integration"],"fullName":" Demo Execution Integration Tests (Simplified) Rate Limiting Integration should enforce rate limiting","status":"failed","title":"should enforce rate limiting","duration":20,"failureMessages":["expected 500 to be 429 // Object.is equality"],"location":{"line":234,"column":31}},{"ancestorTitles":["","Demo Execution Integration Tests (Simplified)","Error Handling Integration"],"fullName":" Demo Execution Integration Tests (Simplified) Error Handling Integration should handle authentication failures","status":"failed","title":"should handle authentication failures","duration":35,"failureMessages":["expected 'Internal Server Error' to be 'Demo Execution Failed' // Object.is equality"],"location":{"line":258,"column":28}}],"startTime":1759900182921,"endTime":1759900183140,"status":"failed","message":"","name":"C:/repos/symbolic_ai_website/netlify/functions/__tests__/integration-simple.test.ts"},{"assertionResults":[{"ancestorTitles":["","Demo Execution Integration Tests","Complete Demo Execution Flow"],"fullName":" Demo Execution Integration Tests Complete Demo Execution Flow should execute complete demo flow: start → n8n webhook → callback → status update","status":"failed","title":"should execute complete demo flow: start → n8n webhook → callback → status update","duration":91,"failureMessages":["expected 500 to be 202 // Object.is equality"],"location":{"line":169,"column":36}},{"ancestorTitles":["","Demo Execution Integration Tests","Complete Demo Execution Flow"],"fullName":" Demo Execution Integration Tests Complete Demo Execution Flow should handle demo execution failure flow","status":"failed","title":"should handle demo execution failure flow","duration":29,"failureMessages":["expected 500 to be 202 // Object.is equality"],"location":{"line":323,"column":36}},{"ancestorTitles":["","Demo Execution Integration Tests","Rate Limiting Integration"],"fullName":" Demo Execution Integration Tests Rate Limiting Integration should enforce rate limiting across multiple demo executions","status":"failed","title":"should enforce rate limiting across multiple demo executions","duration":17,"failureMessages":["expected 500 to be 202 // Object.is equality"],"location":{"line":450,"column":32}}],"startTime":1759900182903,"endTime":1759900183041,"status":"failed","message":"","name":"C:/repos/symbolic_ai_website/netlify/functions/__tests__/integration.test.ts"},{"assertionResults":[{"ancestorTitles":["","App"],"fullName":" App renders the main application structure","status":"passed","title":"renders the main application structure","duration":325,"failureMessages":[]},{"ancestorTitles":["","App"],"fullName":" App shows loading state when loading is true","status":"passed","title":"shows loading state when loading is true","duration":135,"failureMessages":[]},{"ancestorTitles":["","App"],"fullName":" App shows Hero component when not authenticated","status":"passed","title":"shows Hero component when not authenticated","duration":121,"failureMessages":[]},{"ancestorTitles":["","App"],"fullName":" App shows Demos component when authenticated and onboarding completed","status":"passed","title":"shows Demos component when authenticated and onboarding completed","duration":166,"failureMessages":[]}],"startTime":1759900183654,"endTime":1759900184401,"status":"passed","message":"","name":"C:/repos/symbolic_ai_website/src/__tests__/components/App.test.tsx"},{"assertionResults":[{"ancestorTitles":["","CallSummaryModal"],"fullName":" CallSummaryModal renders when open","status":"passed","title":"renders when open","duration":1070,"failureMessages":[]},{"ancestorTitles":["","CallSummaryModal"],"fullName":" CallSummaryModal does not render when closed","status":"passed","title":"does not render when closed","duration":55,"failureMessages":[]},{"ancestorTitles":["","CallSummaryModal"],"fullName":" CallSummaryModal displays call details correctly","status":"passed","title":"displays call details correctly","duration":186,"failureMessages":[]},{"ancestorTitles":["","CallSummaryModal"],"fullName":" CallSummaryModal displays call summary","status":"passed","title":"displays call summary","duration":476,"failureMessages":[]},{"ancestorTitles":["","CallSummaryModal"],"fullName":" CallSummaryModal displays next steps","status":"passed","title":"displays next steps","duration":611,"failureMessages":[]},{"ancestorTitles":["","CallSummaryModal"],"fullName":" CallSummaryModal shows correct score color for high quality lead","status":"passed","title":"shows correct score color for high quality lead","duration":99,"failureMessages":[]},{"ancestorTitles":["","CallSummaryModal"],"fullName":" CallSummaryModal shows correct score color for medium quality lead","status":"passed","title":"shows correct score color for medium quality lead","duration":145,"failureMessages":[]},{"ancestorTitles":["","CallSummaryModal"],"fullName":" CallSummaryModal shows correct score color for low quality lead","status":"passed","title":"shows correct score color for low quality lead","duration":92,"failureMessages":[]},{"ancestorTitles":["","CallSummaryModal"],"fullName":" CallSummaryModal formats duration correctly","status":"passed","title":"formats duration correctly","duration":73,"failureMessages":[]},{"ancestorTitles":["","CallSummaryModal"],"fullName":" CallSummaryModal calls onClose when close button is clicked","status":"passed","title":"calls onClose when close button is clicked","duration":351,"failureMessages":[]},{"ancestorTitles":["","CallSummaryModal"],"fullName":" CallSummaryModal shows schedule follow-up button","status":"passed","title":"shows schedule follow-up button","duration":45,"failureMessages":[]},{"ancestorTitles":["","CallSummaryModal"],"fullName":" CallSummaryModal handles empty next steps","status":"passed","title":"handles empty next steps","duration":53,"failureMessages":[]}],"startTime":1759900182901,"endTime":1759900186166,"status":"passed","message":"","name":"C:/repos/symbolic_ai_website/src/__tests__/components/CallSummaryModal.test.tsx"},{"assertionResults":[{"ancestorTitles":["","Dashboard"],"fullName":" Dashboard renders loading state correctly","status":"passed","title":"renders loading state correctly","duration":273,"failureMessages":[]},{"ancestorTitles":["","Dashboard"],"fullName":" Dashboard renders error state correctly","status":"passed","title":"renders error state correctly","duration":125,"failureMessages":[]},{"ancestorTitles":["","Dashboard"],"fullName":" Dashboard renders dashboard with persona-specific content for SMB user","status":"passed","title":"renders dashboard with persona-specific content for SMB user","duration":1106,"failureMessages":[]},{"ancestorTitles":["","Dashboard"],"fullName":" Dashboard handles demo start correctly","status":"passed","title":"handles demo start correctly","duration":255,"failureMessages":[]},{"ancestorTitles":["","Dashboard"],"fullName":" Dashboard handles consultation booking correctly","status":"passed","title":"handles consultation booking correctly","duration":169,"failureMessages":[]},{"ancestorTitles":["","Dashboard"],"fullName":" Dashboard shows onboarding prompt when no persona segment","status":"passed","title":"shows onboarding prompt when no persona segment","duration":76,"failureMessages":[]}],"startTime":1759900183971,"endTime":1759900185977,"status":"passed","message":"","name":"C:/repos/symbolic_ai_website/src/__tests__/components/Dashboard.test.tsx"},{"assertionResults":[{"ancestorTitles":["","DemoCard with Demo Execution"],"fullName":" DemoCard with Demo Execution renders demo card correctly","status":"passed","title":"renders demo card correctly","duration":503,"failureMessages":[]},{"ancestorTitles":["","DemoCard with Demo Execution"],"fullName":" DemoCard with Demo Execution handles demo start successfully","status":"passed","title":"handles demo start successfully","duration":144,"failureMessages":[]},{"ancestorTitles":["","DemoCard with Demo Execution"],"fullName":" DemoCard with Demo Execution shows loading state when starting demo","status":"passed","title":"shows loading state when starting demo","duration":534,"failureMessages":[]},{"ancestorTitles":["","DemoCard with Demo Execution"],"fullName":" DemoCard with Demo Execution shows demo status when running","status":"passed","title":"shows demo status when running","duration":319,"failureMessages":[]},{"ancestorTitles":["","DemoCard with Demo Execution"],"fullName":" DemoCard with Demo Execution shows success status when demo completes","status":"passed","title":"shows success status when demo completes","duration":130,"failureMessages":[]},{"ancestorTitles":["","DemoCard with Demo Execution"],"fullName":" DemoCard with Demo Execution shows error status when demo fails","status":"passed","title":"shows error status when demo fails","duration":152,"failureMessages":[]},{"ancestorTitles":["","DemoCard with Demo Execution"],"fullName":" DemoCard with Demo Execution shows error message when hook has error","status":"passed","title":"shows error message when hook has error","duration":76,"failureMessages":[]},{"ancestorTitles":["","DemoCard with Demo Execution"],"fullName":" DemoCard with Demo Execution disables button for locked demos","status":"passed","title":"disables button for locked demos","duration":476,"failureMessages":[]},{"ancestorTitles":["","DemoCard with Demo Execution"],"fullName":" DemoCard with Demo Execution disables button when loading prop is true","status":"passed","title":"disables button when loading prop is true","duration":221,"failureMessages":[]},{"ancestorTitles":["","DemoCard with Demo Execution"],"fullName":" DemoCard with Demo Execution renders different icons correctly","status":"passed","title":"renders different icons correctly","duration":142,"failureMessages":[]}],"startTime":1759900183813,"endTime":1759900186523,"status":"passed","message":"","name":"C:/repos/symbolic_ai_website/src/__tests__/components/DemoCard.test.tsx"},{"assertionResults":[{"ancestorTitles":["","LeadQualificationModal"],"fullName":" LeadQualificationModal renders when open","status":"passed","title":"renders when open","duration":590,"failureMessages":[]},{"ancestorTitles":["","LeadQualificationModal"],"fullName":" LeadQualificationModal does not render when closed","status":"passed","title":"does not render when closed","duration":78,"failureMessages":[]},{"ancestorTitles":["","LeadQualificationModal"],"fullName":" LeadQualificationModal pre-populates form fields with user profile data","status":"passed","title":"pre-populates form fields with user profile data","duration":200,"failureMessages":[]},{"ancestorTitles":["","LeadQualificationModal"],"fullName":" LeadQualificationModal validates required fields","status":"passed","title":"validates required fields","duration":595,"failureMessages":[]},{"ancestorTitles":["","LeadQualificationModal"],"fullName":" LeadQualificationModal validates email format","status":"passed","title":"validates email format","duration":856,"failureMessages":[]},{"ancestorTitles":["","LeadQualificationModal"],"fullName":" LeadQualificationModal validates phone number format","status":"passed","title":"validates phone number format","duration":275,"failureMessages":[]},{"ancestorTitles":["","LeadQualificationModal"],"fullName":" LeadQualificationModal validates request description","status":"passed","title":"validates request description","duration":287,"failureMessages":[]},{"ancestorTitles":["","LeadQualificationModal"],"fullName":" LeadQualificationModal calls onClose when close button is clicked","status":"passed","title":"calls onClose when close button is clicked","duration":469,"failureMessages":[]},{"ancestorTitles":["","LeadQualificationModal"],"fullName":" LeadQualificationModal clears errors when user starts typing","status":"passed","title":"clears errors when user starts typing","duration":142,"failureMessages":[]}],"startTime":1759900183213,"endTime":1759900186710,"status":"passed","message":"","name":"C:/repos/symbolic_ai_website/src/__tests__/components/LeadQualificationModal.test.tsx"},{"assertionResults":[{"ancestorTitles":["","useDemoExecution"],"fullName":" useDemoExecution should initialize with default state","status":"passed","title":"should initialize with default state","duration":92,"failureMessages":[]},{"ancestorTitles":["","useDemoExecution"],"fullName":" useDemoExecution should start a demo successfully","status":"passed","title":"should start a demo successfully","duration":18,"failureMessages":[]},{"ancestorTitles":["","useDemoExecution"],"fullName":" useDemoExecution should handle demo start failure","status":"passed","title":"should handle demo start failure","duration":16,"failureMessages":[]},{"ancestorTitles":["","useDemoExecution"],"fullName":" useDemoExecution should refresh status successfully","status":"passed","title":"should refresh status successfully","duration":18,"failureMessages":[]},{"ancestorTitles":["","useDemoExecution"],"fullName":" useDemoExecution should handle status refresh failure","status":"passed","title":"should handle status refresh failure","duration":19,"failureMessages":[]},{"ancestorTitles":["","useDemoExecution"],"fullName":" useDemoExecution should clear run data","status":"passed","title":"should clear run data","duration":10,"failureMessages":[]},{"ancestorTitles":["","useDemoExecution"],"fullName":" useDemoExecution should poll for status updates when demo is running","status":"passed","title":"should poll for status updates when demo is running","duration":2266,"failureMessages":[]}],"startTime":1759900182657,"endTime":1759900185096,"status":"passed","message":"","name":"C:/repos/symbolic_ai_website/src/__tests__/hooks/useDemoExecution.test.ts"},{"assertionResults":[{"ancestorTitles":["","Dashboard Service","getPersonaBasedDemos"],"fullName":" Dashboard Service getPersonaBasedDemos returns all non-locked demos when no persona segment","status":"passed","title":"returns all non-locked demos when no persona segment","duration":21,"failureMessages":[]},{"ancestorTitles":["","Dashboard Service","getPersonaBasedDemos"],"fullName":" Dashboard Service getPersonaBasedDemos returns SMB-specific demos for SMB persona","status":"passed","title":"returns SMB-specific demos for SMB persona","duration":4,"failureMessages":[]},{"ancestorTitles":["","Dashboard Service","getPersonaBasedDemos"],"fullName":" Dashboard Service getPersonaBasedDemos returns EXEC-specific demos for EXEC persona","status":"passed","title":"returns EXEC-specific demos for EXEC persona","duration":2,"failureMessages":[]},{"ancestorTitles":["","Dashboard Service","getPersonaBasedDemos"],"fullName":" Dashboard Service getPersonaBasedDemos returns SOLO-specific demos for SOLO persona","status":"passed","title":"returns SOLO-specific demos for SOLO persona","duration":5,"failureMessages":[]},{"ancestorTitles":["","Dashboard Service","getPersonaBasedDemos"],"fullName":" Dashboard Service getPersonaBasedDemos returns FREELANCER-specific demos for FREELANCER persona","status":"passed","title":"returns FREELANCER-specific demos for FREELANCER persona","duration":9,"failureMessages":[]},{"ancestorTitles":["","Dashboard Service","getPersonaBasedDemos"],"fullName":" Dashboard Service getPersonaBasedDemos returns ASPIRING-specific demos for ASPIRING persona","status":"passed","title":"returns ASPIRING-specific demos for ASPIRING persona","duration":1,"failureMessages":[]},{"ancestorTitles":["","Dashboard Service","getPersonaBasedConsultationMessage"],"fullName":" Dashboard Service getPersonaBasedConsultationMessage returns SMB message for SMB persona","status":"passed","title":"returns SMB message for SMB persona","duration":1,"failureMessages":[]},{"ancestorTitles":["","Dashboard Service","getPersonaBasedConsultationMessage"],"fullName":" Dashboard Service getPersonaBasedConsultationMessage returns SOLO message for SOLO persona","status":"passed","title":"returns SOLO message for SOLO persona","duration":2,"failureMessages":[]},{"ancestorTitles":["","Dashboard Service","getPersonaBasedConsultationMessage"],"fullName":" Dashboard Service getPersonaBasedConsultationMessage returns EXEC message for EXEC persona","status":"passed","title":"returns EXEC message for EXEC persona","duration":6,"failureMessages":[]},{"ancestorTitles":["","Dashboard Service","getPersonaBasedConsultationMessage"],"fullName":" Dashboard Service getPersonaBasedConsultationMessage returns FREELANCER message for FREELANCER persona","status":"passed","title":"returns FREELANCER message for FREELANCER persona","duration":5,"failureMessages":[]},{"ancestorTitles":["","Dashboard Service","getPersonaBasedConsultationMessage"],"fullName":" Dashboard Service getPersonaBasedConsultationMessage returns ASPIRING message for ASPIRING persona","status":"passed","title":"returns ASPIRING message for ASPIRING persona","duration":0,"failureMessages":[]},{"ancestorTitles":["","Dashboard Service","getPersonaBasedConsultationMessage"],"fullName":" Dashboard Service getPersonaBasedConsultationMessage returns default message for null persona","status":"passed","title":"returns default message for null persona","duration":1,"failureMessages":[]},{"ancestorTitles":["","Dashboard Service","getTeaserContent"],"fullName":" Dashboard Service getTeaserContent returns SMB teaser for SMB persona","status":"passed","title":"returns SMB teaser for SMB persona","duration":1,"failureMessages":[]},{"ancestorTitles":["","Dashboard Service","getTeaserContent"],"fullName":" Dashboard Service getTeaserContent returns SOLO teaser for SOLO persona","status":"passed","title":"returns SOLO teaser for SOLO persona","duration":1,"failureMessages":[]},{"ancestorTitles":["","Dashboard Service","getTeaserContent"],"fullName":" Dashboard Service getTeaserContent returns EXEC teaser for EXEC persona","status":"passed","title":"returns EXEC teaser for EXEC persona","duration":0,"failureMessages":[]},{"ancestorTitles":["","Dashboard Service","getTeaserContent"],"fullName":" Dashboard Service getTeaserContent returns FREELANCER teaser for FREELANCER persona","status":"passed","title":"returns FREELANCER teaser for FREELANCER persona","duration":1,"failureMessages":[]},{"ancestorTitles":["","Dashboard Service","getTeaserContent"],"fullName":" Dashboard Service getTeaserContent returns ASPIRING teaser for ASPIRING persona","status":"passed","title":"returns ASPIRING teaser for ASPIRING persona","duration":0,"failureMessages":[]},{"ancestorTitles":["","Dashboard Service","getTeaserContent"],"fullName":" Dashboard Service getTeaserContent returns default teaser for null persona","status":"passed","title":"returns default teaser for null persona","duration":2,"failureMessages":[]},{"ancestorTitles":["","Dashboard Service","fetchDashboardData"],"fullName":" Dashboard Service fetchDashboardData returns complete dashboard data for SMB persona","status":"passed","title":"returns complete dashboard data for SMB persona","duration":510,"failureMessages":[]},{"ancestorTitles":["","Dashboard Service","fetchDashboardData"],"fullName":" Dashboard Service fetchDashboardData returns different demos for different personas","status":"passed","title":"returns different demos for different personas","duration":1013,"failureMessages":[]},{"ancestorTitles":["","Dashboard Service","fetchDashboardData"],"fullName":" Dashboard Service fetchDashboardData simulates API delay","status":"passed","title":"simulates API delay","duration":565,"failureMessages":[]},{"ancestorTitles":["","Dashboard Service","startDemo"],"fullName":" Dashboard Service startDemo successfully starts a valid demo","status":"passed","title":"successfully starts a valid demo","duration":53,"failureMessages":[]},{"ancestorTitles":["","Dashboard Service","startDemo"],"fullName":" Dashboard Service startDemo fails to start a locked demo","status":"passed","title":"fails to start a locked demo","duration":0,"failureMessages":[]},{"ancestorTitles":["","Dashboard Service","startDemo"],"fullName":" Dashboard Service startDemo fails to start a non-existent demo","status":"passed","title":"fails to start a non-existent demo","duration":3,"failureMessages":[]},{"ancestorTitles":["","Dashboard Service","startDemo"],"fullName":" Dashboard Service startDemo simulates API delay","status":"passed","title":"simulates API delay","duration":306,"failureMessages":[]},{"ancestorTitles":["","Dashboard Service","mockDemos data structure"],"fullName":" Dashboard Service mockDemos data structure has correct structure for all demos","status":"passed","title":"has correct structure for all demos","duration":2,"failureMessages":[]},{"ancestorTitles":["","Dashboard Service","mockDemos data structure"],"fullName":" Dashboard Service mockDemos data structure has locked demos with teaser text","status":"passed","title":"has locked demos with teaser text","duration":1,"failureMessages":[]}],"startTime":1759900182659,"endTime":1759900185200,"status":"passed","message":"","name":"C:/repos/symbolic_ai_website/src/__tests__/services/dashboard.test.ts"}]}